2018-Mar-03 16:15:02.517250 INFO [daemon] debilcoin v1.1.1.1(0.1-g8edd99830)
2018-Mar-03 16:15:02.518310 INFO [daemon] Module folder: ./debilcoind
2018-Mar-03 16:15:02.544093 INFO [daemon] Initializing p2p server...
2018-Mar-03 16:15:02.582297 INFO [node_server] Binding on 0.0.0.0:37801
2018-Mar-03 16:15:02.582467 INFO [node_server] Net service binded on 0.0.0.0:37801
2018-Mar-03 16:15:02.582560 INFO [node_server] Attempting to add IGD port mapping.
2018-Mar-03 16:15:06.590411 INFO [node_server] No IGD was found.
2018-Mar-03 16:15:06.590564 INFO [daemon] P2p server initialized OK
2018-Mar-03 16:15:06.590649 INFO [daemon] Initializing core...
2018-Mar-03 16:15:06.590924 INFO [Blockchain] Blockchain not loaded, generating genesis block.
2018-Mar-03 16:15:06.646035 INFO [Blockchain] Blockchain initialized. last block: 0, d2068.h8.m15.s6 time ago, current difficulty: 1
2018-Mar-03 16:15:06.646303 INFO [daemon] Core initialized OK
2018-Mar-03 16:15:06.646593 INFO [daemon] Starting core rpc server on address 127.0.0.1:37811
2018-Mar-03 16:15:06.646761 INFO [daemon] Core rpc server started ok
2018-Mar-03 16:15:06.646880 INFO [daemon] Starting p2p net loop...
2018-Mar-03 16:15:06.646965 INFO [node_server] Starting node_server
2018-Mar-03 16:15:16.939120 INFO [core] 
2018-Mar-03 16:15:16.939120 INFO [core] **********************************************************************
2018-Mar-03 16:15:16.939120 INFO [core] The daemon will start synchronizing with the network. It may take up to several hours.
2018-Mar-03 16:15:16.939120 INFO [core] 
2018-Mar-03 16:15:16.939120 INFO [core] You can set the level of process detailization* through "set_log <level>" command*, where <level> is between 0 (no details) and 4 (very verbose).
2018-Mar-03 16:15:16.939120 INFO [core] 
2018-Mar-03 16:15:16.939120 INFO [core] Use "help" command to see the list of available commands.
2018-Mar-03 16:15:16.939120 INFO [core] 
2018-Mar-03 16:15:16.939120 INFO [core] Note: in case you need to interrupt the process, use "exit" command. Otherwise, the current progress won't be saved.
2018-Mar-03 16:15:16.939120 INFO [core] **********************************************************************
2018-Mar-03 16:16:03.262397 INFO [node_server] Stop signal sent
2018-Mar-03 16:16:03.262452 INFO [node_server] Stopping NodeServer and it's0 connections...
2018-Mar-03 16:16:14.555657 INFO [node_server] NodeServer loop stopped
2018-Mar-03 16:16:14.555790 INFO [daemon] p2p net loop stopped
2018-Mar-03 16:16:14.555857 INFO [daemon] Stopping core rpc server...
2018-Mar-03 16:16:14.556031 INFO [daemon] Deinitializing core...
2018-Mar-03 16:16:14.556105 INFO [miner] Mining has been stopped, 0 finished
2018-Mar-03 16:16:14.556284 INFO [Blockchain] Saving blockchain...
2018-Mar-03 16:16:14.556390 INFO [BlockCacheSerializer] - saving block index...
2018-Mar-03 16:16:14.556470 INFO [BlockCacheSerializer] - saving transaction map...
2018-Mar-03 16:16:14.556533 INFO [BlockCacheSerializer] - saving spent keys...
2018-Mar-03 16:16:14.556615 INFO [BlockCacheSerializer] - saving outputs...
2018-Mar-03 16:16:14.556678 INFO [BlockCacheSerializer] - saving multi-signature outputs...
2018-Mar-03 16:16:14.556742 INFO [BlockCacheSerializer] Serialization time: 0ms
2018-Mar-03 16:16:14.556833 INFO [Blockchain] Saving blockchain indices...
2018-Mar-03 16:16:14.556974 INFO [BlockchainIndicesSerializer] - saving paymentID index...
2018-Mar-03 16:16:14.557048 INFO [BlockchainIndicesSerializer] - saving timestamp index...
2018-Mar-03 16:16:14.557116 INFO [BlockchainIndicesSerializer] - saving generated transactions index...
2018-Mar-03 16:16:14.557205 INFO [daemon] Deinitializing p2p...
2018-Mar-03 16:16:14.557469 INFO [miner] Mining has been stopped, 0 finished
2018-Mar-03 16:16:14.557960 INFO [daemon] Node stopped.
2018-Mar-03 18:45:16.105251 INFO [daemon] debilcoin v1.1.1.1(0.1-g8edd99830)
2018-Mar-03 18:45:16.118136 INFO [daemon] Module folder: ./debilcoind
2018-Mar-03 18:45:16.121629 INFO [daemon] Initializing p2p server...
2018-Mar-03 18:45:16.173403 INFO [node_server] Binding on 0.0.0.0:37801
2018-Mar-03 18:45:16.173966 INFO [node_server] Net service binded on 0.0.0.0:37801
2018-Mar-03 18:45:16.174180 INFO [node_server] Attempting to add IGD port mapping.
2018-Mar-03 18:45:20.181941 INFO [node_server] No IGD was found.
2018-Mar-03 18:45:20.182224 INFO [daemon] P2p server initialized OK
2018-Mar-03 18:45:20.182418 INFO [daemon] Initializing core...
2018-Mar-03 18:45:20.196109 INFO [Blockchain] Loading blockchain...
2018-Mar-03 18:45:20.211001 INFO [BlockCacheSerializer] - loading block index...
2018-Mar-03 18:45:20.211250 INFO [BlockCacheSerializer] - loading transaction map...
2018-Mar-03 18:45:20.211368 INFO [BlockCacheSerializer] - loading spent keys...
2018-Mar-03 18:45:20.211432 INFO [BlockCacheSerializer] - loading outputs...
2018-Mar-03 18:45:20.211505 INFO [BlockCacheSerializer] - loading multi-signature outputs...
2018-Mar-03 18:45:20.211566 INFO [BlockCacheSerializer] Serialization time: 1ms
2018-Mar-03 18:45:20.211641 INFO [Blockchain] Loading blockchain indices for BlockchainExplorer...
2018-Mar-03 18:45:20.212376 INFO [BlockchainIndicesSerializer] - loading paymentID index...
2018-Mar-03 18:45:20.212481 INFO [BlockchainIndicesSerializer] - loading timestamp index...
2018-Mar-03 18:45:20.212555 INFO [BlockchainIndicesSerializer] - loading generated transactions index...
2018-Mar-03 18:45:20.212733 INFO [Blockchain] Blockchain initialized. last block: 4, d0.h2.m26.s14 time ago, current difficulty: 10149
2018-Mar-03 18:45:20.212830 INFO [daemon] Core initialized OK
2018-Mar-03 18:45:20.213163 INFO [daemon] Starting core rpc server on address 127.0.0.1:37811
2018-Mar-03 18:45:20.213314 INFO [daemon] Core rpc server started ok
2018-Mar-03 18:45:20.213400 INFO [daemon] Starting p2p net loop...
2018-Mar-03 18:45:20.213471 INFO [node_server] Starting node_server
2018-Mar-03 18:45:24.940164 ERROR [node_server] Failed to connect to any of seed peers, continuing without seeds
2018-Mar-03 18:45:24.940457 INFO [core] 
2018-Mar-03 18:45:24.940457 INFO [core] **********************************************************************
2018-Mar-03 18:45:24.940457 INFO [core] The daemon will start synchronizing with the network. It may take up to several hours.
2018-Mar-03 18:45:24.940457 INFO [core] 
2018-Mar-03 18:45:24.940457 INFO [core] You can set the level of process detailization* through "set_log <level>" command*, where <level> is between 0 (no details) and 4 (very verbose).
2018-Mar-03 18:45:24.940457 INFO [core] 
2018-Mar-03 18:45:24.940457 INFO [core] Use "help" command to see the list of available commands.
2018-Mar-03 18:45:24.940457 INFO [core] 
2018-Mar-03 18:45:24.940457 INFO [core] Note: in case you need to interrupt the process, use "exit" command. Otherwise, the current progress won't be saved.
2018-Mar-03 18:45:24.940457 INFO [core] **********************************************************************
2018-Mar-03 18:45:31.668782 ERROR [node_server] Failed to connect to any of seed peers, continuing without seeds
2018-Mar-03 18:45:38.816100 ERROR [node_server] Failed to connect to any of seed peers, continuing without seeds
2018-Mar-03 18:45:45.995729 ERROR [node_server] Failed to connect to any of seed peers, continuing without seeds
2018-Mar-03 18:45:53.169159 ERROR [node_server] Failed to connect to any of seed peers, continuing without seeds
2018-Mar-03 18:45:59.897391 ERROR [node_server] Failed to connect to any of seed peers, continuing without seeds
2018-Mar-03 18:46:06.624316 ERROR [node_server] Failed to connect to any of seed peers, continuing without seeds
2018-Mar-03 18:46:13.770940 ERROR [node_server] Failed to connect to any of seed peers, continuing without seeds
2018-Mar-03 18:46:20.492648 ERROR [node_server] Failed to connect to any of seed peers, continuing without seeds
2018-Mar-03 18:46:27.659839 ERROR [node_server] Failed to connect to any of seed peers, continuing without seeds
2018-Mar-03 18:46:34.805663 ERROR [node_server] Failed to connect to any of seed peers, continuing without seeds
2018-Mar-03 18:46:41.535651 ERROR [node_server] Failed to connect to any of seed peers, continuing without seeds
2018-Mar-03 18:46:48.266853 ERROR [node_server] Failed to connect to any of seed peers, continuing without seeds
2018-Mar-03 18:46:51.440331 INFO [node_server] Stop signal sent
2018-Mar-03 18:46:51.440559 INFO [node_server] Stopping NodeServer and it's0 connections...
2018-Mar-03 18:46:54.732175 ERROR [node_server] Failed to connect to any of seed peers, continuing without seeds
2018-Mar-03 18:46:55.732782 INFO [node_server] NodeServer loop stopped
2018-Mar-03 18:46:55.732907 INFO [daemon] p2p net loop stopped
2018-Mar-03 18:46:55.732968 INFO [daemon] Stopping core rpc server...
2018-Mar-03 18:46:55.733084 INFO [daemon] Deinitializing core...
2018-Mar-03 18:46:55.733147 INFO [miner] Mining has been stopped, 0 finished
2018-Mar-03 18:46:55.733538 INFO [Blockchain] Saving blockchain...
2018-Mar-03 18:46:55.733664 INFO [BlockCacheSerializer] - saving block index...
2018-Mar-03 18:46:55.733740 INFO [BlockCacheSerializer] - saving transaction map...
2018-Mar-03 18:46:55.733799 INFO [BlockCacheSerializer] - saving spent keys...
2018-Mar-03 18:46:55.733856 INFO [BlockCacheSerializer] - saving outputs...
2018-Mar-03 18:46:55.734094 INFO [BlockCacheSerializer] - saving multi-signature outputs...
2018-Mar-03 18:46:55.734156 INFO [BlockCacheSerializer] Serialization time: 0ms
2018-Mar-03 18:46:55.734338 INFO [Blockchain] Saving blockchain indices...
2018-Mar-03 18:46:55.734444 INFO [BlockchainIndicesSerializer] - saving paymentID index...
2018-Mar-03 18:46:55.734526 INFO [BlockchainIndicesSerializer] - saving timestamp index...
2018-Mar-03 18:46:55.734590 INFO [BlockchainIndicesSerializer] - saving generated transactions index...
2018-Mar-03 18:46:55.734955 INFO [daemon] Deinitializing p2p...
2018-Mar-03 18:46:55.735309 INFO [miner] Mining has been stopped, 0 finished
2018-Mar-03 18:46:55.735959 INFO [daemon] Node stopped.
